#
# There is insufficient memory for the Java Runtime Environment to continue.
# Native memory allocation (malloc) failed to allocate 248656 bytes for Chunk::new
# Possible reasons:
#   The system is out of physical RAM or swap space
#   The process is running with CompressedOops enabled, and the Java Heap may be blocking the growth of the native heap
# Possible solutions:
#   Reduce memory load on the system
#   Increase physical memory or swap space
#   Check if swap backing store is full
#   Decrease Java heap size (-Xmx/-Xms)
#   Decrease number of Java threads
#   Decrease Java thread stack sizes (-Xss)
#   Set larger code cache with -XX:ReservedCodeCacheSize=
#   JVM is running with Unscaled Compressed Oops mode in which the Java heap is
#     placed in the first 4GB address space. The Java Heap base address is the
#     maximum limit for the native heap growth. Please use -XX:HeapBaseMinAddress
#     to set the Java Heap base and to place the Java Heap above 4GB virtual address.
# This output file may be truncated or incomplete.
#
#  Out of Memory Error (arena.cpp:189), pid=6392, tid=11372
#
# JRE version: OpenJDK Runtime Environment Temurin-17.0.6+10 (17.0.6+10) (build 17.0.6+10)
# Java VM: OpenJDK 64-Bit Server VM Temurin-17.0.6+10 (17.0.6+10, mixed mode, tiered, compressed oops, compressed class ptrs, g1 gc, windows-amd64)
# No core dump will be written. Minidumps are not enabled by default on client versions of Windows
#

---------------  S U M M A R Y ------------

Command Line: -Dfile.encoding=UTF-8 -XX:+ShowCodeDetailsInExceptionMessages Introduction.BasicTest

Host: Intel(R) Core(TM) i5-8300H CPU @ 2.30GHz, 8 cores, 7G,  Windows 10 , 64 bit Build 19041 (10.0.19041.3636)
Time: Tue Nov 28 19:45:45 2023 GMT Standard Time elapsed time: 1.590888 seconds (0d 0h 0m 1s)

---------------  T H R E A D  ---------------

Current thread (0x0000017659c47850):  JavaThread "C2 CompilerThread0" daemon [_thread_in_native, id=11372, stack(0x0000000e3ec00000,0x0000000e3ed00000)]


Current CompileTask:
C2:   1590 1341  s!   4       jdk.internal.loader.URLClassPath::getLoader (194 bytes)

Stack: [0x0000000e3ec00000,0x0000000e3ed00000]
Native frames: (J=compiled Java code, j=interpreted, Vv=VM code, C=native code)
V  [jvm.dll+0x67741a]
V  [jvm.dll+0x834434]
V  [jvm.dll+0x835bde]
V  [jvm.dll+0x836243]
V  [jvm.dll+0x2457b5]
V  [jvm.dll+0xabafc]
V  [jvm.dll+0xac0cc]
V  [jvm.dll+0x363492]
V  [jvm.dll+0x32dda1]
V  [jvm.dll+0x32d24a]
V  [jvm.dll+0x2185f1]
V  [jvm.dll+0x217a11]
V  [jvm.dll+0x1a3d0d]
V  [jvm.dll+0x22742a]
V  [jvm.dll+0x225565]
V  [jvm.dll+0x7ea2cb]
V  [jvm.dll+0x7e483a]
V  [jvm.dll+0x6762c5]
C  [ucrtbase.dll+0x21bb2]
C  [KERNEL32.DLL+0x17344]
C  [ntdll.dll+0x526b1]


---------------  P R O C E S S  ---------------

Threads class SMR info:
_java_thread_list=0x000001765a7dc4f0, length=20, elements={
0x000001763d1f5830, 0x00000176590a16e0, 0x00000176590a2870, 0x0000017659c2ac90,
0x0000017659c2c560, 0x0000017659c3ae90, 0x0000017659c3b750, 0x0000017659c47850,
0x0000017659c48150, 0x0000017659c53230, 0x0000017659dbf4b0, 0x0000017659ddb010,
0x0000017659e5b050, 0x0000017659ffdd90, 0x000001765b4d0a30, 0x000001765b4a92d0,
0x000001765b4a62b0, 0x000001765b4a6780, 0x000001765b506c30, 0x000001765a764600
}

Java Threads: ( => current thread )
  0x000001763d1f5830 JavaThread "Forwarding newSession on session null to remote" [_thread_in_vm, id=25384, stack(0x0000000e3df00000,0x0000000e3e000000)]
  0x00000176590a16e0 JavaThread "Reference Handler" daemon [_thread_blocked, id=28800, stack(0x0000000e3e600000,0x0000000e3e700000)]
  0x00000176590a2870 JavaThread "Finalizer" daemon [_thread_blocked, id=23320, stack(0x0000000e3e700000,0x0000000e3e800000)]
  0x0000017659c2ac90 JavaThread "Signal Dispatcher" daemon [_thread_blocked, id=30168, stack(0x0000000e3e800000,0x0000000e3e900000)]
  0x0000017659c2c560 JavaThread "Attach Listener" daemon [_thread_blocked, id=33256, stack(0x0000000e3e900000,0x0000000e3ea00000)]
  0x0000017659c3ae90 JavaThread "Service Thread" daemon [_thread_blocked, id=33580, stack(0x0000000e3ea00000,0x0000000e3eb00000)]
  0x0000017659c3b750 JavaThread "Monitor Deflation Thread" daemon [_thread_blocked, id=6380, stack(0x0000000e3eb00000,0x0000000e3ec00000)]
=>0x0000017659c47850 JavaThread "C2 CompilerThread0" daemon [_thread_in_native, id=11372, stack(0x0000000e3ec00000,0x0000000e3ed00000)]
  0x0000017659c48150 JavaThread "C1 CompilerThread0" daemon [_thread_blocked, id=32240, stack(0x0000000e3ed00000,0x0000000e3ee00000)]
  0x0000017659c53230 JavaThread "Sweeper thread" daemon [_thread_blocked, id=33212, stack(0x0000000e3ee00000,0x0000000e3ef00000)]
  0x0000017659dbf4b0 JavaThread "Notification Thread" daemon [_thread_blocked, id=32572, stack(0x0000000e3ef00000,0x0000000e3f000000)]
  0x0000017659ddb010 JavaThread "Common-Cleaner" daemon [_thread_blocked, id=33640, stack(0x0000000e3f100000,0x0000000e3f200000)]
  0x0000017659e5b050 JavaThread "C2 CompilerThread1" daemon [_thread_in_native, id=2980, stack(0x0000000e3f200000,0x0000000e3f300000)]
  0x0000017659ffdd90 JavaThread "ForkJoinPool.commonPool-worker-1" daemon [_thread_blocked, id=13084, stack(0x0000000e3f300000,0x0000000e3f400000)]
  0x000001765b4d0a30 JavaThread "HttpClient-1-SelectorManager" daemon [_thread_in_native, id=32868, stack(0x0000000e3fc00000,0x0000000e3fd00000)]
  0x000001765b4a92d0 JavaThread "Thread-2" [_thread_in_native, id=29936, stack(0x0000000e3fd00000,0x0000000e3fe00000)]
  0x000001765b4a62b0 JavaThread "Driver Service Executor" daemon [_thread_blocked, id=32936, stack(0x0000000e3fe00000,0x0000000e3ff00000)]
  0x000001765b4a6780 JavaThread "Driver Service Executor" daemon [_thread_in_native, id=19808, stack(0x0000000e3ff00000,0x0000000e40000000)]
  0x000001765b506c30 JavaThread "UrlChecker-2" daemon [_thread_blocked, id=32152, stack(0x0000000e40000000,0x0000000e40100000)]
  0x000001765a764600 JavaThread "Keep-Alive-Timer" daemon [_thread_blocked, id=30176, stack(0x0000000e40200000,0x0000000e40300000)]

Other Threads:
  0x000001765909d030 VMThread "VM Thread" [stack: 0x0000000e3e500000,0x0000000e3e600000] [id=27304]
  0x000001763d274850 WatcherThread [stack: 0x0000000e3f000000,0x0000000e3f100000] [id=21416]
  0x000001763d2547a0 GCTaskThread "GC Thread#0" [stack: 0x0000000e3e000000,0x0000000e3e100000] [id=32820]
  0x000001765b44e040 GCTaskThread "GC Thread#1" [stack: 0x0000000e3f400000,0x0000000e3f500000] [id=10984]
  0x000001765b44e2f0 GCTaskThread "GC Thread#2" [stack: 0x0000000e3f500000,0x0000000e3f600000] [id=17596]
  0x000001765b48ba50 GCTaskThread "GC Thread#3" [stack: 0x0000000e3f600000,0x0000000e3f700000] [id=8636]
  0x000001765b48cd10 GCTaskThread "GC Thread#4" [stack: 0x0000000e3f700000,0x0000000e3f800000] [id=18176]
  0x000001765b48dfe0 GCTaskThread "GC Thread#5" [stack: 0x0000000e3f800000,0x0000000e3f900000] [id=12260]
  0x000001765b4902a0 GCTaskThread "GC Thread#6" [stack: 0x0000000e3f900000,0x0000000e3fa00000] [id=30164]
  0x000001765b494970 GCTaskThread "GC Thread#7" [stack: 0x0000000e3fa00000,0x0000000e3fb00000] [id=12716]
  0x000001763d265130 ConcurrentGCThread "G1 Main Marker" [stack: 0x0000000e3e100000,0x0000000e3e200000] [id=25804]
  0x000001763d2661f0 ConcurrentGCThread "G1 Conc#0" [stack: 0x0000000e3e200000,0x0000000e3e300000] [id=9944]
  0x0000017658ee24c0 ConcurrentGCThread "G1 Refine#0" [stack: 0x0000000e3e300000,0x0000000e3e400000] [id=21612]
  0x000001765b44f1c0 ConcurrentGCThread "G1 Refine#1" [stack: 0x0000000e3fb00000,0x0000000e3fc00000] [id=24744]
  0x0000017658ee2cf0 ConcurrentGCThread "G1 Service" [stack: 0x0000000e3e400000,0x0000000e3e500000] [id=33000]

Threads with active compile tasks:
C2 CompilerThread0     1649 1341  s!   4       jdk.internal.loader.URLClassPath::getLoader (194 bytes)
C2 CompilerThread1     1649 1355       4       jdk.internal.org.objectweb.asm.SymbolTable::addConstantUtf8 (98 bytes)

VM state: not at safepoint (normal execution)

VM Mutex/Monitor currently owned by a thread:  ([mutex/lock_event])
[0x000001763d1e1f80] Metaspace_lock - owner thread: 0x000001763d1f5830

Heap address: 0x0000000082600000, size: 2010 MB, Compressed Oops mode: 32-bit

CDS archive(s) not mapped
Compressed class space mapped at: 0x0000000100000000-0x0000000140000000, reserved size: 1073741824
Narrow klass base: 0x0000000000000000, Narrow klass shift: 3, Narrow klass range: 0x140000000

GC Precious Log:
 CPUs: 8 total, 8 available
 Memory: 8034M
 Large Page Support: Disabled
 NUMA Support: Disabled
 Compressed Oops: Enabled (32-bit)
 Heap Region Size: 1M
 Heap Min Capacity: 8M
 Heap Initial Capacity: 126M
 Heap Max Capacity: 2010M
 Pre-touch: Disabled
 Parallel Workers: 8
 Concurrent Workers: 2
 Concurrent Refinement Workers: 8
 Periodic GC: Disabled

Heap:
 garbage-first heap   total 129024K, used 10500K [0x0000000082600000, 0x0000000100000000)
  region size 1024K, 7 young (7168K), 3 survivors (3072K)
 Metaspace       used 17503K, committed 17664K, reserved 1064960K
  class space    used 1807K, committed 1920K, reserved 1048576K

Heap Regions: E=young(eden), S=young(survivor), O=old, HS=humongous(starts), HC=humongous(continues), CS=collection set, F=free, OA=open archive, CA=closed archive, TAMS=top-at-mark-start (previous, next)
|   0|0x0000000082600000, 0x0000000082700000, 0x0000000082700000|100%|HS|  |TAMS 0x0000000082600000, 0x0000000082600000| Complete 
|   1|0x0000000082700000, 0x0000000082700000, 0x0000000082800000|  0%| F|  |TAMS 0x0000000082700000, 0x0000000082700000| Untracked 
|   2|0x0000000082800000, 0x0000000082900000, 0x0000000082900000|100%| O|  |TAMS 0x0000000082800000, 0x0000000082800000| Untracked 
|   3|0x0000000082900000, 0x0000000082a00000, 0x0000000082a00000|100%| O|  |TAMS 0x0000000082900000, 0x0000000082900000| Untracked 
|   4|0x0000000082a00000, 0x0000000082b00000, 0x0000000082b00000|100%| O|  |TAMS 0x0000000082a00000, 0x0000000082a00000| Untracked 
|   5|0x0000000082b00000, 0x0000000082b41000, 0x0000000082c00000| 25%| O|  |TAMS 0x0000000082b00000, 0x0000000082b00000| Untracked 
|   6|0x0000000082c00000, 0x0000000082c00000, 0x0000000082d00000|  0%| F|  |TAMS 0x0000000082c00000, 0x0000000082c00000| Untracked 
|   7|0x0000000082d00000, 0x0000000082d00000, 0x0000000082e00000|  0%| F|  |TAMS 0x0000000082d00000, 0x0000000082d00000| Untracked 
|   8|0x0000000082e00000, 0x0000000082e00000, 0x0000000082f00000|  0%| F|  |TAMS 0x0000000082e00000, 0x0000000082e00000| Untracked 
|   9|0x0000000082f00000, 0x0000000082f00000, 0x0000000083000000|  0%| F|  |TAMS 0x0000000082f00000, 0x0000000082f00000| Untracked 
|  10|0x0000000083000000, 0x0000000083000000, 0x0000000083100000|  0%| F|  |TAMS 0x0000000083000000, 0x0000000083000000| Untracked 
|  11|0x0000000083100000, 0x0000000083100000, 0x0000000083200000|  0%| F|  |TAMS 0x0000000083100000, 0x0000000083100000| Untracked 
|  12|0x0000000083200000, 0x0000000083200000, 0x0000000083300000|  0%| F|  |TAMS 0x0000000083200000, 0x0000000083200000| Untracked 
|  13|0x0000000083300000, 0x0000000083300000, 0x0000000083400000|  0%| F|  |TAMS 0x0000000083300000, 0x0000000083300000| Untracked 
|  14|0x0000000083400000, 0x0000000083400000, 0x0000000083500000|  0%| F|  |TAMS 0x0000000083400000, 0x0000000083400000| Untracked 
|  15|0x0000000083500000, 0x0000000083500000, 0x0000000083600000|  0%| F|  |TAMS 0x0000000083500000, 0x0000000083500000| Untracked 
|  16|0x0000000083600000, 0x0000000083600000, 0x0000000083700000|  0%| F|  |TAMS 0x0000000083600000, 0x0000000083600000| Untracked 
|  17|0x0000000083700000, 0x0000000083700000, 0x0000000083800000|  0%| F|  |TAMS 0x0000000083700000, 0x0000000083700000| Untracked 
|  18|0x0000000083800000, 0x0000000083800000, 0x0000000083900000|  0%| F|  |TAMS 0x0000000083800000, 0x0000000083800000| Untracked 
|  19|0x0000000083900000, 0x0000000083900000, 0x0000000083a00000|  0%| F|  |TAMS 0x0000000083900000, 0x0000000083900000| Untracked 
|  20|0x0000000083a00000, 0x0000000083a00000, 0x0000000083b00000|  0%| F|  |TAMS 0x0000000083a00000, 0x0000000083a00000| Untracked 
|  21|0x0000000083b00000, 0x0000000083b00000, 0x0000000083c00000|  0%| F|  |TAMS 0x0000000083b00000, 0x0000000083b00000| Untracked 
|  22|0x0000000083c00000, 0x0000000083c00000, 0x0000000083d00000|  0%| F|  |TAMS 0x0000000083c00000, 0x0000000083c00000| Untracked 
|  23|0x0000000083d00000, 0x0000000083d00000, 0x0000000083e00000|  0%| F|  |TAMS 0x0000000083d00000, 0x0000000083d00000| Untracked 
|  24|0x0000000083e00000, 0x0000000083e00000, 0x0000000083f00000|  0%| F|  |TAMS 0x0000000083e00000, 0x0000000083e00000| Untracked 
|  25|0x0000000083f00000, 0x0000000083f00000, 0x0000000084000000|  0%| F|  |TAMS 0x0000000083f00000, 0x0000000083f00000| Untracked 
|  26|0x0000000084000000, 0x0000000084000000, 0x0000000084100000|  0%| F|  |TAMS 0x0000000084000000, 0x0000000084000000| Untracked 
|  27|0x0000000084100000, 0x0000000084100000, 0x0000000084200000|  0%| F|  |TAMS 0x0000000084100000, 0x0000000084100000| Untracked 
|  28|0x0000000084200000, 0x0000000084200000, 0x0000000084300000|  0%| F|  |TAMS 0x0000000084200000, 0x0000000084200000| Untracked 
|  29|0x0000000084300000, 0x0000000084300000, 0x0000000084400000|  0%| F|  |TAMS 0x0000000084300000, 0x0000000084300000| Untracked 
|  30|0x0000000084400000, 0x0000000084400000, 0x0000000084500000|  0%| F|  |TAMS 0x0000000084400000, 0x0000000084400000| Untracked 
|  31|0x0000000084500000, 0x0000000084500000, 0x0000000084600000|  0%| F|  |TAMS 0x0000000084500000, 0x0000000084500000| Untracked 
|  32|0x0000000084600000, 0x0000000084600000, 0x0000000084700000|  0%| F|  |TAMS 0x0000000084600000, 0x0000000084600000| Untracked 
|  33|0x0000000084700000, 0x0000000084700000, 0x0000000084800000|  0%| F|  |TAMS 0x0000000084700000, 0x0000000084700000| Untracked 
|  34|0x0000000084800000, 0x0000000084800000, 0x0000000084900000|  0%| F|  |TAMS 0x0000000084800000, 0x0000000084800000| Untracked 
|  35|0x0000000084900000, 0x0000000084900000, 0x0000000084a00000|  0%| F|  |TAMS 0x0000000084900000, 0x0000000084900000| Untracked 
|  36|0x0000000084a00000, 0x0000000084a00000, 0x0000000084b00000|  0%| F|  |TAMS 0x0000000084a00000, 0x0000000084a00000| Untracked 
|  37|0x0000000084b00000, 0x0000000084b00000, 0x0000000084c00000|  0%| F|  |TAMS 0x0000000084b00000, 0x0000000084b00000| Untracked 
|  38|0x0000000084c00000, 0x0000000084c00000, 0x0000000084d00000|  0%| F|  |TAMS 0x0000000084c00000, 0x0000000084c00000| Untracked 
|  39|0x0000000084d00000, 0x0000000084d00000, 0x0000000084e00000|  0%| F|  |TAMS 0x0000000084d00000, 0x0000000084d00000| Untracked 
|  40|0x0000000084e00000, 0x0000000084e00000, 0x0000000084f00000|  0%| F|  |TAMS 0x0000000084e00000, 0x0000000084e00000| Untracked 
|  41|0x0000000084f00000, 0x0000000084f00000, 0x0000000085000000|  0%| F|  |TAMS 0x0000000084f00000, 0x0000000084f00000| Untracked 
|  42|0x0000000085000000, 0x0000000085000000, 0x0000000085100000|  0%| F|  |TAMS 0x0000000085000000, 0x0000000085000000| Untracked 
|  43|0x0000000085100000, 0x0000000085100000, 0x0000000085200000|  0%| F|  |TAMS 0x0000000085100000, 0x0000000085100000| Untracked 
|  44|0x0000000085200000, 0x0000000085200000, 0x0000000085300000|  0%| F|  |TAMS 0x0000000085200000, 0x0000000085200000| Untracked 
|  45|0x0000000085300000, 0x0000000085300000, 0x0000000085400000|  0%| F|  |TAMS 0x0000000085300000, 0x0000000085300000| Untracked 
|  46|0x0000000085400000, 0x0000000085400000, 0x0000000085500000|  0%| F|  |TAMS 0x0000000085400000, 0x0000000085400000| Untracked 
|  47|0x0000000085500000, 0x0000000085500000, 0x0000000085600000|  0%| F|  |TAMS 0x0000000085500000, 0x0000000085500000| Untracked 
|  48|0x0000000085600000, 0x0000000085600000, 0x0000000085700000|  0%| F|  |TAMS 0x0000000085600000, 0x0000000085600000| Untracked 
|  49|0x0000000085700000, 0x0000000085700000, 0x0000000085800000|  0%| F|  |TAMS 0x0000000085700000, 0x0000000085700000| Untracked 
|  50|0x0000000085800000, 0x0000000085800000, 0x0000000085900000|  0%| F|  |TAMS 0x0000000085800000, 0x0000000085800000| Untracked 
|  51|0x0000000085900000, 0x0000000085900000, 0x0000000085a00000|  0%| F|  |TAMS 0x0000000085900000, 0x0000000085900000| Untracked 
|  52|0x0000000085a00000, 0x0000000085a00000, 0x0000000085b00000|  0%| F|  |TAMS 0x0000000085a00000, 0x0000000085a00000| Untracked 
|  53|0x0000000085b00000, 0x0000000085b00000, 0x0000000085c00000|  0%| F|  |TAMS 0x0000000085b00000, 0x0000000085b00000| Untracked 
|  54|0x0000000085c00000, 0x0000000085c00000, 0x0000000085d00000|  0%| F|  |TAMS 0x0000000085c00000, 0x0000000085c00000| Untracked 
|  55|0x0000000085d00000, 0x0000000085d00000, 0x0000000085e00000|  0%| F|  |TAMS 0x0000000085d00000, 0x0000000085d00000| Untracked 
|  56|0x0000000085e00000, 0x0000000085e00000, 0x0000000085f00000|  0%| F|  |TAMS 0x0000000085e00000, 0x0000000085e00000| Untracked 
|  57|0x0000000085f00000, 0x0000000085f00000, 0x0000000086000000|  0%| F|  |TAMS 0x0000000085f00000, 0x0000000085f00000| Untracked 
|  58|0x0000000086000000, 0x0000000086000000, 0x0000000086100000|  0%| F|  |TAMS 0x0000000086000000, 0x0000000086000000| Untracked 
|  59|0x0000000086100000, 0x0000000086100000, 0x0000000086200000|  0%| F|  |TAMS 0x0000000086100000, 0x0000000086100000| Untracked 
|  60|0x0000000086200000, 0x0000000086200000, 0x0000000086300000|  0%| F|  |TAMS 0x0000000086200000, 0x0000000086200000| Untracked 
|  61|0x0000000086300000, 0x0000000086300000, 0x0000000086400000|  0%| F|  |TAMS 0x0000000086300000, 0x0000000086300000| Untracked 
|  62|0x0000000086400000, 0x0000000086400000, 0x0000000086500000|  0%| F|  |TAMS 0x0000000086400000, 0x0000000086400000| Untracked 
|  63|0x0000000086500000, 0x0000000086500000, 0x0000000086600000|  0%| F|  |TAMS 0x0000000086500000, 0x0000000086500000| Untracked 
|  64|0x0000000086600000, 0x0000000086600000, 0x0000000086700000|  0%| F|  |TAMS 0x0000000086600000, 0x0000000086600000| Untracked 
|  65|0x0000000086700000, 0x0000000086700000, 0x0000000086800000|  0%| F|  |TAMS 0x0000000086700000, 0x0000000086700000| Untracked 
|  66|0x0000000086800000, 0x0000000086800000, 0x0000000086900000|  0%| F|  |TAMS 0x0000000086800000, 0x0000000086800000| Untracked 
|  67|0x0000000086900000, 0x0000000086900000, 0x0000000086a00000|  0%| F|  |TAMS 0x0000000086900000, 0x0000000086900000| Untracked 
|  68|0x0000000086a00000, 0x0000000086a00000, 0x0000000086b00000|  0%| F|  |TAMS 0x0000000086a00000, 0x0000000086a00000| Untracked 
|  69|0x0000000086b00000, 0x0000000086b00000, 0x0000000086c00000|  0%| F|  |TAMS 0x0000000086b00000, 0x0000000086b00000| Untracked 
|  70|0x0000000086c00000, 0x0000000086c00000, 0x0000000086d00000|  0%| F|  |TAMS 0x0000000086c00000, 0x0000000086c00000| Untracked 
|  71|0x0000000086d00000, 0x0000000086d00000, 0x0000000086e00000|  0%| F|  |TAMS 0x0000000086d00000, 0x0000000086d00000| Untracked 
|  72|0x0000000086e00000, 0x0000000086e00000, 0x0000000086f00000|  0%| F|  |TAMS 0x0000000086e00000, 0x0000000086e00000| Untracked 
|  73|0x0000000086f00000, 0x0000000086f00000, 0x0000000087000000|  0%| F|  |TAMS 0x0000000086f00000, 0x0000000086f00000| Untracked 
|  74|0x0000000087000000, 0x0000000087000000, 0x0000000087100000|  0%| F|  |TAMS 0x0000000087000000, 0x0000000087000000| Untracked 
|  75|0x0000000087100000, 0x0000000087100000, 0x0000000087200000|  0%| F|  |TAMS 0x0000000087100000, 0x0000000087100000| Untracked 
|  76|0x0000000087200000, 0x0000000087200000, 0x0000000087300000|  0%| F|  |TAMS 0x0000000087200000, 0x0000000087200000| Untracked 
|  77|0x0000000087300000, 0x0000000087300000, 0x0000000087400000|  0%| F|  |TAMS 0x0000000087300000, 0x0000000087300000| Untracked 
|  78|0x0000000087400000, 0x0000000087400000, 0x0000000087500000|  0%| F|  |TAMS 0x0000000087400000, 0x0000000087400000| Untracked 
|  79|0x0000000087500000, 0x0000000087500000, 0x0000000087600000|  0%| F|  |TAMS 0x0000000087500000, 0x0000000087500000| Untracked 
|  80|0x0000000087600000, 0x0000000087600000, 0x0000000087700000|  0%| F|  |TAMS 0x0000000087600000, 0x0000000087600000| Untracked 
|  81|0x0000000087700000, 0x0000000087700000, 0x0000000087800000|  0%| F|  |TAMS 0x0000000087700000, 0x0000000087700000| Untracked 
|  82|0x0000000087800000, 0x0000000087800000, 0x0000000087900000|  0%| F|  |TAMS 0x0000000087800000, 0x0000000087800000| Untracked 
|  83|0x0000000087900000, 0x0000000087900000, 0x0000000087a00000|  0%| F|  |TAMS 0x0000000087900000, 0x0000000087900000| Untracked 
|  84|0x0000000087a00000, 0x0000000087a00000, 0x0000000087b00000|  0%| F|  |TAMS 0x0000000087a00000, 0x0000000087a00000| Untracked 
|  85|0x0000000087b00000, 0x0000000087b00000, 0x0000000087c00000|  0%| F|  |TAMS 0x0000000087b00000, 0x0000000087b00000| Untracked 
|  86|0x0000000087c00000, 0x0000000087c00000, 0x0000000087d00000|  0%| F|  |TAMS 0x0000000087c00000, 0x0000000087c00000| Untracked 
|  87|0x0000000087d00000, 0x0000000087d00000, 0x0000000087e00000|  0%| F|  |TAMS 0x0000000087d00000, 0x0000000087d00000| Untracked 
|  88|0x0000000087e00000, 0x0000000087e00000, 0x0000000087f00000|  0%| F|  |TAMS 0x0000000087e00000, 0x0000000087e00000| Untracked 
|  89|0x0000000087f00000, 0x0000000087f00000, 0x0000000088000000|  0%| F|  |TAMS 0x0000000087f00000, 0x0000000087f00000| Untracked 
|  90|0x0000000088000000, 0x0000000088000000, 0x0000000088100000|  0%| F|  |TAMS 0x0000000088000000, 0x0000000088000000| Untracked 
|  91|0x0000000088100000, 0x0000000088100000, 0x0000000088200000|  0%| F|  |TAMS 0x0000000088100000, 0x0000000088100000| Untracked 
|  92|0x0000000088200000, 0x0000000088200000, 0x0000000088300000|  0%| F|  |TAMS 0x0000000088200000, 0x0000000088200000| Untracked 
|  93|0x0000000088300000, 0x0000000088300000, 0x0000000088400000|  0%| F|  |TAMS 0x0000000088300000, 0x0000000088300000| Untracked 
|  94|0x0000000088400000, 0x0000000088400000, 0x0000000088500000|  0%| F|  |TAMS 0x0000000088400000, 0x0000000088400000| Untracked 
|  95|0x0000000088500000, 0x0000000088500000, 0x0000000088600000|  0%| F|  |TAMS 0x0000000088500000, 0x0000000088500000| Untracked 
|  96|0x0000000088600000, 0x0000000088600000, 0x0000000088700000|  0%| F|  |TAMS 0x0000000088600000, 0x0000000088600000| Untracked 
|  97|0x0000000088700000, 0x0000000088700000, 0x0000000088800000|  0%| F|  |TAMS 0x0000000088700000, 0x0000000088700000| Untracked 
|  98|0x0000000088800000, 0x0000000088800000, 0x0000000088900000|  0%| F|  |TAMS 0x0000000088800000, 0x0000000088800000| Untracked 
|  99|0x0000000088900000, 0x0000000088900000, 0x0000000088a00000|  0%| F|  |TAMS 0x0000000088900000, 0x0000000088900000| Untracked 
| 100|0x0000000088a00000, 0x0000000088b00000, 0x0000000088b00000|100%| S|CS|TAMS 0x0000000088a00000, 0x0000000088a00000| Complete 
| 101|0x0000000088b00000, 0x0000000088c00000, 0x0000000088c00000|100%| S|CS|TAMS 0x0000000088b00000, 0x0000000088b00000| Complete 
| 102|0x0000000088c00000, 0x0000000088d00000, 0x0000000088d00000|100%| S|CS|TAMS 0x0000000088c00000, 0x0000000088c00000| Complete 
| 103|0x0000000088d00000, 0x0000000088d00000, 0x0000000088e00000|  0%| F|  |TAMS 0x0000000088d00000, 0x0000000088d00000| Untracked 
| 104|0x0000000088e00000, 0x0000000088e00000, 0x0000000088f00000|  0%| F|  |TAMS 0x0000000088e00000, 0x0000000088e00000| Untracked 
| 105|0x0000000088f00000, 0x0000000088f00000, 0x0000000089000000|  0%| F|  |TAMS 0x0000000088f00000, 0x0000000088f00000| Untracked 
| 106|0x0000000089000000, 0x0000000089000000, 0x0000000089100000|  0%| F|  |TAMS 0x0000000089000000, 0x0000000089000000| Untracked 
| 107|0x0000000089100000, 0x0000000089100000, 0x0000000089200000|  0%| F|  |TAMS 0x0000000089100000, 0x0000000089100000| Untracked 
| 108|0x0000000089200000, 0x0000000089200000, 0x0000000089300000|  0%| F|  |TAMS 0x0000000089200000, 0x0000000089200000| Untracked 
| 109|0x0000000089300000, 0x0000000089300000, 0x0000000089400000|  0%| F|  |TAMS 0x0000000089300000, 0x0000000089300000| Untracked 
| 110|0x0000000089400000, 0x0000000089400000, 0x0000000089500000|  0%| F|  |TAMS 0x0000000089400000, 0x0000000089400000| Untracked 
| 111|0x0000000089500000, 0x0000000089500000, 0x0000000089600000|  0%| F|  |TAMS 0x0000000089500000, 0x0000000089500000| Untracked 
| 112|0x0000000089600000, 0x0000000089600000, 0x0000000089700000|  0%| F|  |TAMS 0x0000000089600000, 0x0000000089600000| Untracked 
| 113|0x0000000089700000, 0x0000000089700000, 0x0000000089800000|  0%| F|  |TAMS 0x0000000089700000, 0x0000000089700000| Untracked 
| 114|0x0000000089800000, 0x0000000089800000, 0x0000000089900000|  0%| F|  |TAMS 0x0000000089800000, 0x0000000089800000| Untracked 
| 115|0x0000000089900000, 0x0000000089900000, 0x0000000089a00000|  0%| F|  |TAMS 0x0000000089900000, 0x0000000089900000| Untracked 
| 116|0x0000000089a00000, 0x0000000089a00000, 0x0000000089b00000|  0%| F|  |TAMS 0x0000000089a00000, 0x0000000089a00000| Untracked 
| 117|0x0000000089b00000, 0x0000000089b00000, 0x0000000089c00000|  0%| F|  |TAMS 0x0000000089b00000, 0x0000000089b00000| Untracked 
| 118|0x0000000089c00000, 0x0000000089c00000, 0x0000000089d00000|  0%| F|  |TAMS 0x0000000089c00000, 0x0000000089c00000| Untracked 
| 119|0x0000000089d00000, 0x0000000089d00000, 0x0000000089e00000|  0%| F|  |TAMS 0x0000000089d00000, 0x0000000089d00000| Untracked 
| 120|0x0000000089e00000, 0x0000000089e00000, 0x0000000089f00000|  0%| F|  |TAMS 0x0000000089e00000, 0x0000000089e00000| Untracked 
| 121|0x0000000089f00000, 0x0000000089f00000, 0x000000008a000000|  0%| F|  |TAMS 0x0000000089f00000, 0x0000000089f00000| Untracked 
| 122|0x000000008a000000, 0x000000008a100000, 0x000000008a100000|100%| E|  |TAMS 0x000000008a000000, 0x000000008a000000| Complete 
| 123|0x000000008a100000, 0x000000008a200000, 0x000000008a200000|100%| E|CS|TAMS 0x000000008a100000, 0x000000008a100000| Complete 
| 124|0x000000008a200000, 0x000000008a300000, 0x000000008a300000|100%| E|CS|TAMS 0x000000008a200000, 0x000000008a200000| Complete 
| 125|0x000000008a300000, 0x000000008a400000, 0x000000008a400000|100%| E|CS|TAMS 0x000000008a300000, 0x000000008a300000| Complete 

Card table byte_map: [0x0000017651ee0000,0x00000176522d0000] _byte_map_base: 0x0000017651acd000

Marking Bits (Prev, Next): (CMBitMap*) 0x000001763d254cc0, (CMBitMap*) 0x000001763d254d00
 Prev Bits: [0x00000176526c0000, 0x0000017654628000)
 Next Bits: [0x0000017654630000, 0x0000017656598000)

Polling page: 0x000001763d2c0000

Metaspace:

Usage:
  Non-class:     15.33 MB used.
      Class:      1.77 MB used.
       Both:     17.09 MB used.

Virtual space:
  Non-class space:       16.00 MB reserved,      15.38 MB ( 96%) committed,  2 nodes.
      Class space:        1.00 GB reserved,       1.88 MB ( <1%) committed,  1 nodes.
             Both:        1.02 GB reserved,      17.25 MB (  2%) committed. 

Chunk freelists:
   Non-Class:  390.00 KB
       Class:  2.08 MB
        Both:  2.46 MB

MaxMetaspaceSize: unlimited
CompressedClassSpaceSize: 1.00 GB
Initial GC threshold: 21.00 MB
Current GC threshold: 21.00 MB
CDS: off
MetaspaceReclaimPolicy: balanced
 - commit_granule_bytes: 65536.
 - commit_granule_words: 8192.
 - virtual_space_node_default_size: 1048576.
 - enlarge_chunks_in_place: 1.
 - new_chunks_are_fully_committed: 0.
 - uncommit_free_chunks: 1.
 - use_allocation_guard: 0.
 - handle_deallocations: 1.


Internal statistics:

num_allocs_failed_limit: 0.
num_arena_births: 124.
num_arena_deaths: 0.
num_vsnodes_births: 3.
num_vsnodes_deaths: 0.
num_space_committed: 276.
num_space_uncommitted: 0.
num_chunks_returned_to_freelist: 0.
num_chunks_taken_from_freelist: 292.
num_chunk_merges: 0.
num_chunk_splits: 158.
num_chunks_enlarged: 99.
num_purges: 0.
num_inconsistent_stats: 0.

CodeHeap 'non-profiled nmethods': size=120000Kb used=428Kb max_used=428Kb free=119571Kb
 bounds [0x0000017649b50000, 0x0000017649dc0000, 0x0000017651080000]
CodeHeap 'profiled nmethods': size=120000Kb used=2453Kb max_used=2453Kb free=117546Kb
 bounds [0x0000017642080000, 0x00000176422f0000, 0x00000176495b0000]
CodeHeap 'non-nmethods': size=5760Kb used=1202Kb max_used=1222Kb free=4557Kb
 bounds [0x00000176495b0000, 0x0000017649820000, 0x0000017649b50000]
 total_blobs=1870 nmethods=1365 adapters=418
 compilation: enabled
              stopped_count=0, restarted_count=0
 full_count=0

Compilation events (20 events):
Event: 1.466 Thread 0x0000017659c48150 1345       3       java.util.regex.Pattern$Start::match (90 bytes)
Event: 1.467 Thread 0x0000017659c48150 nmethod 1345 0x00000176422db290 code [0x00000176422db460, 0x00000176422db868]
Event: 1.467 Thread 0x0000017659c48150 1346       3       java.util.regex.Pattern$GroupHead::match (47 bytes)
Event: 1.467 Thread 0x0000017659c48150 nmethod 1346 0x00000176422dba10 code [0x00000176422dbbc0, 0x00000176422dbe28]
Event: 1.467 Thread 0x0000017659c48150 1347       3       java.util.Formatter$Flags::contains (22 bytes)
Event: 1.468 Thread 0x0000017659c48150 nmethod 1347 0x00000176422dc010 code [0x00000176422dc1a0, 0x00000176422dc358]
Event: 1.468 Thread 0x0000017659c48150 1348       3       jdk.internal.org.objectweb.asm.ClassWriter::<init> (7 bytes)
Event: 1.468 Thread 0x0000017659c48150 nmethod 1348 0x00000176422dc410 code [0x00000176422dc5c0, 0x00000176422dc708]
Event: 1.470 Thread 0x0000017659c48150 1350       3       java.lang.invoke.MethodHandles$Lookup$ClassFile::<init> (20 bytes)
Event: 1.470 Thread 0x0000017659c48150 nmethod 1350 0x00000176422dc790 code [0x00000176422dc940, 0x00000176422dcb78]
Event: 1.470 Thread 0x0000017659c48150 1351       3       java.lang.invoke.MethodHandles$Lookup::makeHiddenClassDefiner (42 bytes)
Event: 1.471 Thread 0x0000017659c48150 nmethod 1351 0x00000176422dcc10 code [0x00000176422dcee0, 0x00000176422dde18]
Event: 1.471 Thread 0x0000017659c48150 1352       3       jdk.internal.org.objectweb.asm.Type::getDescriptor (93 bytes)
Event: 1.472 Thread 0x0000017659c48150 nmethod 1352 0x00000176422de390 code [0x00000176422de600, 0x00000176422ded88]
Event: 1.476 Thread 0x0000017659e5b050 1354       4       jdk.internal.org.objectweb.asm.ByteVector::putByte (39 bytes)
Event: 1.479 Thread 0x0000017659e5b050 nmethod 1354 0x0000017649bbab10 code [0x0000017649bbaca0, 0x0000017649bbade8]
Event: 1.482 Thread 0x0000017659e5b050 1355       4       jdk.internal.org.objectweb.asm.SymbolTable::addConstantUtf8 (98 bytes)
Event: 1.484 Thread 0x0000017659c48150 1356       3       java.lang.invoke.InfoFromMemberName::getModifiers (8 bytes)
Event: 1.484 Thread 0x0000017659c48150 nmethod 1356 0x00000176422df010 code [0x00000176422df1a0, 0x00000176422df318]
Event: 1.485 Thread 0x0000017659c48150 1358       3       java.util.ImmutableCollections$Set12::<init> (53 bytes)

GC Heap History (2 events):
Event: 1.288 GC heap before
{Heap before GC invocations=0 (full 0):
 garbage-first heap   total 129024K, used 24576K [0x0000000082600000, 0x0000000100000000)
  region size 1024K, 23 young (23552K), 0 survivors (0K)
 Metaspace       used 16318K, committed 16512K, reserved 1064960K
  class space    used 1645K, committed 1728K, reserved 1048576K
}
Event: 1.299 GC heap after
{Heap after GC invocations=1 (full 0):
 garbage-first heap   total 129024K, used 7428K [0x0000000082600000, 0x0000000100000000)
  region size 1024K, 3 young (3072K), 3 survivors (3072K)
 Metaspace       used 16318K, committed 16512K, reserved 1064960K
  class space    used 1645K, committed 1728K, reserved 1048576K
}

Dll operation events (6 events):
Event: 0.015 Loaded shared library D:\Selenium\eclipse\plugins\org.eclipse.justj.openjdk.hotspot.jre.full.win32.x86_64_17.0.6.v20230204-1729\jre\bin\java.dll
Event: 0.270 Loaded shared library D:\Selenium\eclipse\plugins\org.eclipse.justj.openjdk.hotspot.jre.full.win32.x86_64_17.0.6.v20230204-1729\jre\bin\net.dll
Event: 0.272 Loaded shared library D:\Selenium\eclipse\plugins\org.eclipse.justj.openjdk.hotspot.jre.full.win32.x86_64_17.0.6.v20230204-1729\jre\bin\nio.dll
Event: 0.283 Loaded shared library D:\Selenium\eclipse\plugins\org.eclipse.justj.openjdk.hotspot.jre.full.win32.x86_64_17.0.6.v20230204-1729\jre\bin\zip.dll
Event: 0.408 Loaded shared library D:\Selenium\eclipse\plugins\org.eclipse.justj.openjdk.hotspot.jre.full.win32.x86_64_17.0.6.v20230204-1729\jre\bin\jimage.dll
Event: 1.239 Loaded shared library D:\Selenium\eclipse\plugins\org.eclipse.justj.openjdk.hotspot.jre.full.win32.x86_64_17.0.6.v20230204-1729\jre\bin\sunmscapi.dll

Deoptimization events (20 events):
Event: 1.106 Thread 0x000001763d1f5830 DEOPT PACKING pc=0x000001764222213e sp=0x0000000e3dffce10
Event: 1.106 Thread 0x000001763d1f5830 DEOPT UNPACKING pc=0x0000017649607143 sp=0x0000000e3dffc290 mode 0
Event: 1.108 Thread 0x000001763d1f5830 DEOPT PACKING pc=0x000001764222213e sp=0x0000000e3dffce80
Event: 1.108 Thread 0x000001763d1f5830 DEOPT UNPACKING pc=0x0000017649607143 sp=0x0000000e3dffc300 mode 0
Event: 1.109 Thread 0x000001763d1f5830 DEOPT PACKING pc=0x000001764222213e sp=0x0000000e3dffce10
Event: 1.109 Thread 0x000001763d1f5830 DEOPT UNPACKING pc=0x0000017649607143 sp=0x0000000e3dffc290 mode 0
Event: 1.152 Thread 0x000001763d1f5830 DEOPT PACKING pc=0x00000176420aa656 sp=0x0000000e3dffcda0
Event: 1.152 Thread 0x000001763d1f5830 DEOPT UNPACKING pc=0x0000017649607143 sp=0x0000000e3dffc240 mode 0
Event: 1.203 Thread 0x000001763d1f5830 Uncommon trap: trap_request=0xffffff45 fr.pc=0x0000017649ba99f4 relative=0x0000000000000074
Event: 1.203 Thread 0x000001763d1f5830 Uncommon trap: reason=unstable_if action=reinterpret pc=0x0000017649ba99f4 method=jdk.internal.misc.Unsafe.convEndian(ZI)I @ 4 c2
Event: 1.203 Thread 0x000001763d1f5830 DEOPT PACKING pc=0x0000017649ba99f4 sp=0x0000000e3dffe0a0
Event: 1.203 Thread 0x000001763d1f5830 DEOPT UNPACKING pc=0x00000176496069a3 sp=0x0000000e3dffdfd0 mode 2
Event: 1.203 Thread 0x000001763d1f5830 Uncommon trap: trap_request=0xffffff45 fr.pc=0x0000017649bab538 relative=0x0000000000000038
Event: 1.203 Thread 0x000001763d1f5830 Uncommon trap: reason=unstable_if action=reinterpret pc=0x0000017649bab538 method=jdk.internal.misc.Unsafe.convEndian(ZI)I @ 4 c2
Event: 1.203 Thread 0x000001763d1f5830 DEOPT PACKING pc=0x0000017649bab538 sp=0x0000000e3dffe030
Event: 1.203 Thread 0x000001763d1f5830 DEOPT UNPACKING pc=0x00000176496069a3 sp=0x0000000e3dffdfc8 mode 2
Event: 1.318 Thread 0x000001763d1f5830 DEOPT PACKING pc=0x00000176420d9168 sp=0x0000000e3dffd760
Event: 1.318 Thread 0x000001763d1f5830 DEOPT UNPACKING pc=0x0000017649607143 sp=0x0000000e3dffcbf0 mode 0
Event: 1.321 Thread 0x000001763d1f5830 DEOPT PACKING pc=0x00000176420b6d7e sp=0x0000000e3dff8750
Event: 1.321 Thread 0x000001763d1f5830 DEOPT UNPACKING pc=0x0000017649607143 sp=0x0000000e3dff7bc0 mode 0

Classes unloaded (0 events):
No events

Classes redefined (0 events):
No events

Internal exceptions (20 events):
Event: 0.826 Thread 0x000001763d1f5830 Exception <a 'java/lang/NoSuchMethodError'{0x0000000089852d38}: 'java.lang.Object java.lang.invoke.DirectMethodHandle$Holder.invokeInterface(java.lang.Object, java.lang.Object)'> (0x0000000089852d38) 
thrown [s\src\hotspot\share\interpreter\linkResolver.cpp, line 759]
Event: 0.881 Thread 0x000001763d1f5830 Exception <a 'java/lang/NoSuchMethodError'{0x000000008978d8f8}: 'java.lang.Object java.lang.invoke.DirectMethodHandle$Holder.invokeStatic(java.lang.Object, java.lang.Object, int)'> (0x000000008978d8f8) 
thrown [s\src\hotspot\share\interpreter\linkResolver.cpp, line 759]
Event: 0.882 Thread 0x000001763d1f5830 Exception <a 'java/lang/NoSuchMethodError'{0x0000000089791318}: 'java.lang.Object java.lang.invoke.DirectMethodHandle$Holder.invokeStaticInit(java.lang.Object, java.lang.Object, int)'> (0x0000000089791318) 
thrown [s\src\hotspot\share\interpreter\linkResolver.cpp, line 759]
Event: 0.882 Thread 0x000001763d1f5830 Exception <a 'java/lang/NoSuchMethodError'{0x0000000089797790}: 'java.lang.Object java.lang.invoke.DirectMethodHandle$Holder.newInvokeSpecial(java.lang.Object, java.lang.Object, int)'> (0x0000000089797790) 
thrown [s\src\hotspot\share\interpreter\linkResolver.cpp, line 759]
Event: 0.884 Thread 0x000001763d1f5830 Exception <a 'java/lang/NoSuchMethodError'{0x00000000897a1c00}: 'int java.lang.invoke.DirectMethodHandle$Holder.invokeStaticInit(java.lang.Object, java.lang.Object, java.lang.Object)'> (0x00000000897a1c00) 
thrown [s\src\hotspot\share\interpreter\linkResolver.cpp, line 759]
Event: 0.886 Thread 0x000001763d1f5830 Exception <a 'java/lang/NoSuchMethodError'{0x00000000897b6068}: 'int java.lang.invoke.DirectMethodHandle$Holder.invokeSpecial(java.lang.Object, java.lang.Object, java.lang.Object)'> (0x00000000897b6068) 
thrown [s\src\hotspot\share\interpreter\linkResolver.cpp, line 759]
Event: 0.887 Thread 0x000001763d1f5830 Exception <a 'java/lang/NoSuchMethodError'{0x00000000897be308}: 'int java.lang.invoke.DirectMethodHandle$Holder.invokeSpecialIFC(java.lang.Object, java.lang.Object, java.lang.Object)'> (0x00000000897be308) 
thrown [s\src\hotspot\share\interpreter\linkResolver.cpp, line 759]
Event: 0.979 Thread 0x000001763d1f5830 Exception <a 'sun/nio/fs/WindowsException'{0x00000000895ed018}> (0x00000000895ed018) 
thrown [s\src\hotspot\share\prims\jni.cpp, line 516]
Event: 0.994 Thread 0x000001763d1f5830 Exception <a 'java/lang/NoSuchMethodError'{0x00000000894118e8}: 'int java.lang.invoke.DirectMethodHandle$Holder.invokeStaticInit(java.lang.Object, java.lang.Object, java.lang.Object, java.lang.Object)'> (0x00000000894118e8) 
thrown [s\src\hotspot\share\interpreter\linkResolver.cpp, line 759]
Event: 0.995 Thread 0x000001763d1f5830 Exception <a 'java/lang/IncompatibleClassChangeError'{0x000000008941aa90}: Found class java.lang.Object, but interface was expected> (0x000000008941aa90) 
thrown [s\src\hotspot\share\interpreter\linkResolver.cpp, line 826]
Event: 1.144 Thread 0x000001763d1f5830 Exception <a 'java/lang/NoSuchMethodError'{0x0000000088e041b0}: 'java.lang.Object java.lang.invoke.DirectMethodHandle$Holder.invokeStaticInit(java.lang.Object, int, int, int, int)'> (0x0000000088e041b0) 
thrown [s\src\hotspot\share\interpreter\linkResolver.cpp, line 759]
Event: 1.200 Thread 0x000001763d1f5830 Exception <a 'java/lang/NoSuchMethodError'{0x0000000088eb0cc0}: 'java.lang.Object java.lang.invoke.DirectMethodHandle$Holder.invokeStaticInit(java.lang.Object, java.lang.Object, int, int, int, int)'> (0x0000000088eb0cc0) 
thrown [s\src\hotspot\share\interpreter\linkResolver.cpp, line 759]
Event: 1.358 Thread 0x000001763d1f5830 Exception <a 'java/lang/NoSuchMethodError'{0x000000008a2b1dd0}: 'java.lang.Object java.lang.invoke.DirectMethodHandle$Holder.invokeInterface(java.lang.Object, java.lang.Object, java.lang.Object)'> (0x000000008a2b1dd0) 
thrown [s\src\hotspot\share\interpreter\linkResolver.cpp, line 759]
Event: 1.358 Thread 0x000001763d1f5830 Exception <a 'java/lang/IncompatibleClassChangeError'{0x000000008a2b5498}: Found class java.lang.Object, but interface was expected> (0x000000008a2b5498) 
thrown [s\src\hotspot\share\interpreter\linkResolver.cpp, line 826]
Event: 1.360 Thread 0x000001763d1f5830 Exception <a 'java/lang/NoSuchMethodError'{0x000000008a2bd820}: 'int java.lang.invoke.DirectMethodHandle$Holder.invokeSpecialIFC(java.lang.Object, java.lang.Object, java.lang.Object, java.lang.Object)'> (0x000000008a2bd820) 
thrown [s\src\hotspot\share\interpreter\linkResolver.cpp, line 759]
Event: 1.372 Thread 0x000001763d1f5830 Exception <a 'java/lang/NoSuchMethodError'{0x000000008a131618}: 'java.lang.Object java.lang.invoke.DirectMethodHandle$Holder.invokeVirtual(java.lang.Object, java.lang.Object, java.lang.Object, java.lang.Object)'> (0x000000008a131618) 
thrown [s\src\hotspot\share\interpreter\linkResolver.cpp, line 759]
Event: 1.400 Thread 0x000001765b506c30 Exception <a 'java/net/ConnectException'{0x000000008a1e1f20}: Connection refused: no further information> (0x000000008a1e1f20) 
thrown [s\src\hotspot\share\prims\jni.cpp, line 535]
Event: 1.400 Thread 0x000001765b506c30 Exception <a 'java/net/SocketException'{0x000000008a1e2258}: Socket is not connected: shutdown> (0x000000008a1e2258) 
thrown [s\src\hotspot\share\prims\jni.cpp, line 535]
Event: 1.418 Thread 0x000001765b506c30 Exception <a 'java/net/ConnectException'{0x000000008a1e3250}: Connection refused: no further information> (0x000000008a1e3250) 
thrown [s\src\hotspot\share\prims\jni.cpp, line 535]
Event: 1.418 Thread 0x000001765b506c30 Exception <a 'java/net/SocketException'{0x000000008a1e3588}: Socket is not connected: shutdown> (0x000000008a1e3588) 
thrown [s\src\hotspot\share\prims\jni.cpp, line 535]

VM Operations (20 events):
Event: 0.634 Executing VM operation: HandshakeAllThreads
Event: 0.634 Executing VM operation: HandshakeAllThreads done
Event: 0.644 Executing VM operation: HandshakeAllThreads
Event: 0.644 Executing VM operation: HandshakeAllThreads done
Event: 0.838 Executing VM operation: HandshakeAllThreads
Event: 0.838 Executing VM operation: HandshakeAllThreads done
Event: 0.912 Executing VM operation: HandshakeAllThreads
Event: 0.912 Executing VM operation: HandshakeAllThreads done
Event: 0.938 Executing VM operation: HandshakeAllThreads
Event: 0.938 Executing VM operation: HandshakeAllThreads done
Event: 1.213 Executing VM operation: HandshakeAllThreads
Event: 1.213 Executing VM operation: HandshakeAllThreads done
Event: 1.213 Executing VM operation: Cleanup
Event: 1.213 Executing VM operation: Cleanup done
Event: 1.288 Executing VM operation: G1CollectForAllocation
Event: 1.299 Executing VM operation: G1CollectForAllocation done
Event: 1.452 Executing VM operation: HandshakeAllThreads
Event: 1.452 Executing VM operation: HandshakeAllThreads done
Event: 1.454 Executing VM operation: HandshakeAllThreads
Event: 1.454 Executing VM operation: HandshakeAllThreads done

Events (20 events):
Event: 1.453 loading class sun/net/www/http/KeepAliveStreamCleaner$1 done
Event: 1.453 loading class sun/net/www/http/KeepAliveStreamCleaner$2
Event: 1.453 loading class sun/net/www/http/KeepAliveStreamCleaner$2 done
Event: 1.453 loading class sun/net/www/protocol/http/HttpURLConnection$HttpInputStream
Event: 1.453 loading class sun/net/www/protocol/http/HttpURLConnection$HttpInputStream done
Event: 1.453 loading class sun/net/www/http/ChunkedInputStream
Event: 1.453 loading class sun/net/www/http/ChunkedInputStream done
Event: 1.453 loading class sun/net/www/http/KeepAliveCache$1
Event: 1.453 loading class sun/net/www/http/KeepAliveCache$1 done
Event: 1.453 Thread 0x000001765a764600 Thread added: 0x000001765a764600
Event: 1.454 loading class sun/net/www/http/ClientVector
Event: 1.454 loading class sun/net/www/http/ClientVector done
Event: 1.454 loading class sun/net/www/http/KeepAliveEntry
Event: 1.454 loading class sun/net/www/http/KeepAliveEntry done
Event: 1.455 loading class java/util/concurrent/locks/AbstractQueuedSynchronizer$ConditionNode
Event: 1.455 loading class java/util/concurrent/locks/AbstractQueuedSynchronizer$Node
Event: 1.455 loading class java/util/concurrent/locks/AbstractQueuedSynchronizer$Node done
Event: 1.455 loading class java/util/concurrent/locks/AbstractQueuedSynchronizer$ConditionNode done
Event: 1.462 loading class java/util/Collections$2
Event: 1.462 loading class java/util/Collections$2 done


Dynamic libraries:
0x00007ff72adc0000 - 0x00007ff72adce000 	D:\Selenium\eclipse\plugins\org.eclipse.justj.openjdk.hotspot.jre.full.win32.x86_64_17.0.6.v20230204-1729\jre\bin\javaw.exe
0x00007ffe3b1f0000 - 0x00007ffe3b3e8000 	C:\WINDOWS\SYSTEM32\ntdll.dll
0x00007ffe3ab60000 - 0x00007ffe3ac1d000 	C:\WINDOWS\System32\KERNEL32.DLL
0x00007ffe38dc0000 - 0x00007ffe390b6000 	C:\WINDOWS\System32\KERNELBASE.dll
0x00007ffe38b50000 - 0x00007ffe38c50000 	C:\WINDOWS\System32\ucrtbase.dll
0x00007ffe2e3d0000 - 0x00007ffe2e3e9000 	D:\Selenium\eclipse\plugins\org.eclipse.justj.openjdk.hotspot.jre.full.win32.x86_64_17.0.6.v20230204-1729\jre\bin\VCRUNTIME140.dll
0x00007ffe22f90000 - 0x00007ffe22fa7000 	D:\Selenium\eclipse\plugins\org.eclipse.justj.openjdk.hotspot.jre.full.win32.x86_64_17.0.6.v20230204-1729\jre\bin\jli.dll
0x00007ffe39370000 - 0x00007ffe3950e000 	C:\WINDOWS\System32\USER32.dll
0x00007ffe38c50000 - 0x00007ffe38c72000 	C:\WINDOWS\System32\win32u.dll
0x00007ffe19b50000 - 0x00007ffe19dea000 	C:\WINDOWS\WinSxS\amd64_microsoft.windows.common-controls_6595b64144ccf1df_6.0.19041.3636_none_60b6a03d71f818d5\COMCTL32.dll
0x00007ffe3b100000 - 0x00007ffe3b12c000 	C:\WINDOWS\System32\GDI32.dll
0x00007ffe39630000 - 0x00007ffe396ce000 	C:\WINDOWS\System32\msvcrt.dll
0x00007ffe388d0000 - 0x00007ffe389ea000 	C:\WINDOWS\System32\gdi32full.dll
0x00007ffe39110000 - 0x00007ffe391ad000 	C:\WINDOWS\System32\msvcp_win.dll
0x00007ffe3adf0000 - 0x00007ffe3ae20000 	C:\WINDOWS\System32\IMM32.DLL
0x00007ffe33a20000 - 0x00007ffe33a2c000 	D:\Selenium\eclipse\plugins\org.eclipse.justj.openjdk.hotspot.jre.full.win32.x86_64_17.0.6.v20230204-1729\jre\bin\vcruntime140_1.dll
0x00007ffe20320000 - 0x00007ffe203b1000 	D:\Selenium\eclipse\plugins\org.eclipse.justj.openjdk.hotspot.jre.full.win32.x86_64_17.0.6.v20230204-1729\jre\bin\msvcp140.dll
0x00007ffdf2340000 - 0x00007ffdf2f87000 	D:\Selenium\eclipse\plugins\org.eclipse.justj.openjdk.hotspot.jre.full.win32.x86_64_17.0.6.v20230204-1729\jre\bin\server\jvm.dll
0x00007ffe3ac20000 - 0x00007ffe3accf000 	C:\WINDOWS\System32\ADVAPI32.dll
0x00007ffe3a310000 - 0x00007ffe3a3ac000 	C:\WINDOWS\System32\sechost.dll
0x00007ffe3afd0000 - 0x00007ffe3b0f6000 	C:\WINDOWS\System32\RPCRT4.dll
0x00007ffe31770000 - 0x00007ffe3177a000 	C:\WINDOWS\SYSTEM32\VERSION.dll
0x00007ffe2a390000 - 0x00007ffe2a3b7000 	C:\WINDOWS\SYSTEM32\WINMM.dll
0x00007ffe28530000 - 0x00007ffe28539000 	C:\WINDOWS\SYSTEM32\WSOCK32.dll
0x00007ffe3a290000 - 0x00007ffe3a2fb000 	C:\WINDOWS\System32\WS2_32.dll
0x00007ffe366b0000 - 0x00007ffe366c2000 	C:\WINDOWS\SYSTEM32\kernel.appcore.dll
0x00007ffe34310000 - 0x00007ffe3431a000 	D:\Selenium\eclipse\plugins\org.eclipse.justj.openjdk.hotspot.jre.full.win32.x86_64_17.0.6.v20230204-1729\jre\bin\jimage.dll
0x00007ffe31580000 - 0x00007ffe31764000 	C:\WINDOWS\SYSTEM32\DBGHELP.DLL
0x00007ffe30fd0000 - 0x00007ffe31004000 	C:\WINDOWS\SYSTEM32\dbgcore.DLL
0x00007ffe38c80000 - 0x00007ffe38d02000 	C:\WINDOWS\System32\bcryptPrimitives.dll
0x00007ffe2fe40000 - 0x00007ffe2fe65000 	D:\Selenium\eclipse\plugins\org.eclipse.justj.openjdk.hotspot.jre.full.win32.x86_64_17.0.6.v20230204-1729\jre\bin\java.dll
0x00007ffe2fda0000 - 0x00007ffe2fdb8000 	D:\Selenium\eclipse\plugins\org.eclipse.justj.openjdk.hotspot.jre.full.win32.x86_64_17.0.6.v20230204-1729\jre\bin\zip.dll
0x00007ffe3a410000 - 0x00007ffe3ab54000 	C:\WINDOWS\System32\SHELL32.dll
0x00007ffe36990000 - 0x00007ffe3712b000 	C:\WINDOWS\SYSTEM32\windows.storage.dll
0x00007ffe39730000 - 0x00007ffe39a84000 	C:\WINDOWS\System32\combase.dll
0x00007ffe38310000 - 0x00007ffe3833d000 	C:\WINDOWS\SYSTEM32\Wldp.dll
0x00007ffe39250000 - 0x00007ffe392fd000 	C:\WINDOWS\System32\SHCORE.dll
0x00007ffe3b150000 - 0x00007ffe3b1a5000 	C:\WINDOWS\System32\shlwapi.dll
0x00007ffe38800000 - 0x00007ffe38825000 	C:\WINDOWS\SYSTEM32\profapi.dll
0x00007ffe2fbb0000 - 0x00007ffe2fbc9000 	D:\Selenium\eclipse\plugins\org.eclipse.justj.openjdk.hotspot.jre.full.win32.x86_64_17.0.6.v20230204-1729\jre\bin\net.dll
0x00007ffe31150000 - 0x00007ffe3125a000 	C:\WINDOWS\SYSTEM32\WINHTTP.dll
0x00007ffe38070000 - 0x00007ffe380da000 	C:\WINDOWS\system32\mswsock.dll
0x00007ffe295c0000 - 0x00007ffe295d5000 	D:\Selenium\eclipse\plugins\org.eclipse.justj.openjdk.hotspot.jre.full.win32.x86_64_17.0.6.v20230204-1729\jre\bin\nio.dll
0x00007ffe37d50000 - 0x00007ffe37e1a000 	C:\WINDOWS\SYSTEM32\DNSAPI.dll
0x00007ffe37d10000 - 0x00007ffe37d4b000 	C:\WINDOWS\SYSTEM32\IPHLPAPI.DLL
0x00007ffe3a300000 - 0x00007ffe3a308000 	C:\WINDOWS\System32\NSI.dll
0x00007ffe30050000 - 0x00007ffe3005a000 	C:\Windows\System32\rasadhlp.dll
0x00007ffe2f670000 - 0x00007ffe2f6f0000 	C:\WINDOWS\System32\fwpuclnt.dll
0x00007ffe391b0000 - 0x00007ffe391d7000 	C:\WINDOWS\System32\bcrypt.dll
0x00007ffe38270000 - 0x00007ffe38288000 	C:\WINDOWS\SYSTEM32\CRYPTSP.dll
0x00007ffe378d0000 - 0x00007ffe37904000 	C:\WINDOWS\system32\rsaenh.dll
0x00007ffe38780000 - 0x00007ffe387ae000 	C:\WINDOWS\SYSTEM32\USERENV.dll
0x00007ffe38260000 - 0x00007ffe3826c000 	C:\WINDOWS\SYSTEM32\CRYPTBASE.dll
0x00007ffe32bb0000 - 0x00007ffe32bc7000 	C:\WINDOWS\SYSTEM32\dhcpcsvc6.DLL
0x00007ffe32b90000 - 0x00007ffe32bad000 	C:\WINDOWS\SYSTEM32\dhcpcsvc.DLL
0x00007ffe33aa0000 - 0x00007ffe33aae000 	D:\Selenium\eclipse\plugins\org.eclipse.justj.openjdk.hotspot.jre.full.win32.x86_64_17.0.6.v20230204-1729\jre\bin\sunmscapi.dll
0x00007ffe389f0000 - 0x00007ffe38b4d000 	C:\WINDOWS\System32\CRYPT32.dll
0x00007ffe38380000 - 0x00007ffe383a7000 	C:\WINDOWS\SYSTEM32\ncrypt.dll
0x00007ffe38340000 - 0x00007ffe3837b000 	C:\WINDOWS\SYSTEM32\NTASN1.dll
0x00007ffe339a0000 - 0x00007ffe339a7000 	C:\WINDOWS\system32\wshunix.dll

dbghelp: loaded successfully - version: 4.0.5 - missing functions: none
symbol engine: initialized successfully - sym options: 0x614 - pdb path: .;D:\Selenium\eclipse\plugins\org.eclipse.justj.openjdk.hotspot.jre.full.win32.x86_64_17.0.6.v20230204-1729\jre\bin;C:\WINDOWS\SYSTEM32;C:\WINDOWS\WinSxS\amd64_microsoft.windows.common-controls_6595b64144ccf1df_6.0.19041.3636_none_60b6a03d71f818d5;D:\Selenium\eclipse\plugins\org.eclipse.justj.openjdk.hotspot.jre.full.win32.x86_64_17.0.6.v20230204-1729\jre\bin\server

VM Arguments:
jvm_args: -Dfile.encoding=UTF-8 -XX:+ShowCodeDetailsInExceptionMessages 
java_command: Introduction.BasicTest
java_class_path (initial): C:\Users\sevil\SeleniumTraining\SauceDemo\target\classes;D:\Selenium\eclipse\plugins\org.testng_7.4.0.r202105021533.jar;D:\Selenium\eclipse\plugins\com.beust.jcommander_1.78.0.jar;D:\Selenium\eclipse\plugins\org.apache-extras.beanshell.bsh_2.0.0.b6.jar;D:\Selenium\eclipse\plugins\org.yaml.snakeyaml_1.27.0.v20221112-0806.jar;D:\Selenium\eclipse\plugins\org.webjars.jquery_3.5.1.jar;C:\Users\sevil\.m2\repository\org\seleniumhq\selenium\selenium-java\4.15.0\selenium-java-4.15.0.jar;C:\Users\sevil\.m2\repository\org\seleniumhq\selenium\selenium-api\4.15.0\selenium-api-4.15.0.jar;C:\Users\sevil\.m2\repository\org\seleniumhq\selenium\selenium-chrome-driver\4.15.0\selenium-chrome-driver-4.15.0.jar;C:\Users\sevil\.m2\repository\com\google\auto\service\auto-service-annotations\1.1.1\auto-service-annotations-1.1.1.jar;C:\Users\sevil\.m2\repository\org\seleniumhq\selenium\selenium-chromium-driver\4.15.0\selenium-chromium-driver-4.15.0.jar;C:\Users\sevil\.m2\repository\org\seleniumhq\selenium\selenium-json\4.15.0\selenium-json-4.15.0.jar;C:\Users\sevil\.m2\repository\org\seleniumhq\selenium\selenium-manager\4.15.0\selenium-manager-4.15.0.jar;C:\Users\sevil\.m2\repository\org\seleniumhq\selenium\selenium-devtools-v117\4.15.0\selenium-devtools-v117-4.15.0.jar;C:\Users\sevil\.m2\repository\org\seleniumhq\selenium\selenium-devtools-v118\4.15.0\selenium-devtools-v118-4.15.0.jar;C:\Users\sevil\.m2\repository\org\seleniumhq\selenium\selenium-devtools-v119\4.15.0\selenium-devtools-v119-4.15.0.jar;C:\Users\sevil\.m2\repository\org\seleniumhq\selenium\selenium-devtools-v85\4.15.0\selenium-devtools-v85-4.15.0.jar;C:\Users\sevil\.m2\repository\org\seleniumhq\selenium\selenium-edge-driver\4.15.0\selenium-edge-driver-4.15.0.jar;C:\Users\sevil\.m2\repository\org\seleniumhq\selenium\selenium-firefox-driver\4.15.0\selenium-firefox-driver-4.15.0.jar;C:\Users\sevil\.m2\repository\org\seleniumhq\selenium\selenium-http\4.15.0\selenium-http-4.15.0.jar;C:\Users\sevil\.m2\r
Launcher Type: SUN_STANDARD

[Global flags]
     intx CICompilerCount                          = 4                                         {product} {ergonomic}
     uint ConcGCThreads                            = 2                                         {product} {ergonomic}
     uint G1ConcRefinementThreads                  = 8                                         {product} {ergonomic}
   size_t G1HeapRegionSize                         = 1048576                                   {product} {ergonomic}
    uintx GCDrainStackTargetSize                   = 64                                        {product} {ergonomic}
   size_t InitialHeapSize                          = 132120576                                 {product} {ergonomic}
   size_t MarkStackSize                            = 4194304                                   {product} {ergonomic}
   size_t MaxHeapSize                              = 2107637760                                {product} {ergonomic}
   size_t MaxNewSize                               = 1264582656                                {product} {ergonomic}
   size_t MinHeapDeltaBytes                        = 1048576                                   {product} {ergonomic}
   size_t MinHeapSize                              = 8388608                                   {product} {ergonomic}
    uintx NonNMethodCodeHeapSize                   = 5839372                                {pd product} {ergonomic}
    uintx NonProfiledCodeHeapSize                  = 122909434                              {pd product} {ergonomic}
    uintx ProfiledCodeHeapSize                     = 122909434                              {pd product} {ergonomic}
    uintx ReservedCodeCacheSize                    = 251658240                              {pd product} {ergonomic}
     bool SegmentedCodeCache                       = true                                      {product} {ergonomic}
     bool ShowCodeDetailsInExceptionMessages       = true                                   {manageable} {command line}
   size_t SoftMaxHeapSize                          = 2107637760                             {manageable} {ergonomic}
     bool UseCompressedClassPointers               = true                           {product lp64_product} {ergonomic}
     bool UseCompressedOops                        = true                           {product lp64_product} {ergonomic}
     bool UseG1GC                                  = true                                      {product} {ergonomic}
     bool UseLargePagesIndividualAllocation        = false                                  {pd product} {ergonomic}

Logging:
Log output configuration:
 #0: stdout all=warning uptime,level,tags
 #1: stderr all=off uptime,level,tags

Environment Variables:
PATH=D:/Selenium/eclipse//plugins/org.eclipse.justj.openjdk.hotspot.jre.full.win32.x86_64_17.0.6.v20230204-1729/jre/bin/server;D:/Selenium/eclipse//plugins/org.eclipse.justj.openjdk.hotspot.jre.full.win32.x86_64_17.0.6.v20230204-1729/jre/bin;C:\Users\sevil\AppData\Local\Microsoft\WindowsApps;C:\Users\sevil\AppData\Local\Programs\Microsoft VS Code\bin;C:\Program Files\Intel\WiFi\bin\;C:\Program Files\Common Files\Intel\WirelessCommon\;C:\Program Files\JetBrains\PyCharm Community Edition 2023.2.5\bin;C:\Program Files\Git\cmd;C:\Users\sevil\AppData\Local\Programs\Python\Python312\Scripts\;C:\Users\sevil\AppData\Local\Programs\Python\Python312\;C:\Users\sevil\AppData\Local\Microsoft\WindowsApps;;C:\Users\sevil\AppData\Local\Programs\Microsoft VS Code\bin;C:\Program Files\Intel\WiFi\bin\;C:\Program Files\Common Files\Intel\WirelessCommon\;C:\Program Files\JetBrains\PyCharm Community Edition 2023.2.5\bin;;D:\Selenium\eclipse;
USERNAME=sevil
OS=Windows_NT
PROCESSOR_IDENTIFIER=Intel64 Family 6 Model 158 Stepping 10, GenuineIntel
TMP=C:\Users\sevil\AppData\Local\Temp
TEMP=C:\Users\sevil\AppData\Local\Temp



---------------  S Y S T E M  ---------------

OS:
 Windows 10 , 64 bit Build 19041 (10.0.19041.3636)
OS uptime: 6 days 17:42 hours

CPU: total 8 (initial active 8) (4 cores per cpu, 2 threads per core) family 6 model 158 stepping 10 microcode 0xb4, cx8, cmov, fxsr, ht, mmx, 3dnowpref, sse, sse2, sse3, ssse3, sse4.1, sse4.2, popcnt, lzcnt, tsc, tscinvbit, avx, avx2, aes, erms, clmul, bmi1, bmi2, adx, fma, vzeroupper, clflush, clflushopt

Memory: 4k page, system-wide physical 8034M (425M free)
TotalPageFile size 23081M (AvailPageFile size 5M)
current process WorkingSet (physical memory assigned to process): 93M, peak: 93M
current process commit charge ("private bytes"): 227M, peak: 227M

vm_info: OpenJDK 64-Bit Server VM (17.0.6+10) for windows-amd64 JRE (17.0.6+10), built on Jan 18 2023 10:08:59 by "temurin" with MS VC++ 16.7 (VS2019)

END.
